<?xml version="1.0" encoding="UTF-8"?>
<testng-results skipped="0" failed="0" ignored="0" total="1" passed="1">
  <reporter-output>
  </reporter-output>
  <suite name="Suite" duration-ms="49600" started-at="2018-10-02T04:47:04Z" finished-at="2018-10-02T04:47:54Z">
    <groups>
    </groups>
    <test name="Test" duration-ms="49600" started-at="2018-10-02T04:47:04Z" finished-at="2018-10-02T04:47:54Z">
      <class name="com.tests.LoginTest">
        <test-method status="PASS" signature="launchapplication()[pri:0, instance:com.tests.LoginTest@2833cc44]" name="launchapplication" is-config="true" duration-ms="9847" started-at="2018-10-02T04:47:04Z" finished-at="2018-10-02T04:47:14Z">
          <reporter-output>
          </reporter-output>
        </test-method> <!-- launchapplication -->
        <test-method status="PASS" signature="login()[pri:0, instance:com.tests.LoginTest@2833cc44]" name="login" duration-ms="38312" started-at="2018-10-02T04:47:14Z" finished-at="2018-10-02T04:47:53Z">
          <reporter-output>
          </reporter-output>
        </test-method> <!-- login -->
        <test-method status="PASS" signature="closebrowser()[pri:0, instance:com.tests.LoginTest@2833cc44]" name="closebrowser" is-config="true" duration-ms="1352" started-at="2018-10-02T04:47:53Z" finished-at="2018-10-02T04:47:54Z">
          <reporter-output>
          </reporter-output>
        </test-method> <!-- closebrowser -->
      </class> <!-- com.tests.LoginTest -->
    </test> <!-- Test -->
  </suite> <!-- Suite -->
</testng-results>
